<?xml version="1.0" encoding="UTF-8"?>
<!-- Generated by org.testng.reporters.JUnitReportReporter -->
<testsuite hostname="DESKTOP-DFRBC0D" failures="0" tests="2" name="org.sample.RailwayMavenProject.TrackingTrain" time="6.590" errors="0" timestamp="2024-10-28T16:19:48 IST" skipped="0">
  <testcase classname="org.sample.RailwayMavenProject.TrackingTrain" name="enterTrainNumber" time="6.345"/>
  <system-out/>
  <testcase classname="org.sample.RailwayMavenProject.TrackingTrain" name="trackTheTrain" time="0.245"/>
  <system-out/>
</testsuite> <!-- org.sample.RailwayMavenProject.TrackingTrain -->
