<?xml version="1.0" encoding="UTF-8"?>
<!-- Generated by org.testng.reporters.JUnitReportReporter -->
<testsuite hostname="DESKTOP-DFRBC0D" failures="0" tests="1" name="testcases.TestStationDetails" time="59.377" errors="0" timestamp="2024-10-30T15:41:18 IST" skipped="0">
  <testcase classname="testcases.TestStationDetails" name="checkStationDeatils" time="59.377"/>
  <system-out/>
</testsuite> <!-- testcases.TestStationDetails -->
