<?xml version="1.0" encoding="UTF-8"?>
<!-- Generated by org.testng.reporters.JUnitReportReporter -->
<testsuite hostname="DESKTOP-DFRBC0D" failures="0" tests="1" name="testcases.StationDetails" time="46.586" errors="0" timestamp="2024-10-30T12:49:45 IST" skipped="0">
  <testcase classname="testcases.StationDetails" name="checkStatuss" time="46.586"/>
  <system-out/>
</testsuite> <!-- testcases.StationDetails -->
