<?xml version="1.0" encoding="UTF-8"?>
<!-- Generated by org.testng.reporters.JUnitReportReporter -->
<testsuite hostname="DESKTOP-DFRBC0D" failures="0" tests="1" name="testcases.StatusCheck" time="8.472" errors="0" timestamp="2024-11-05T14:17:04 IST" skipped="0">
  <testcase classname="testcases.StatusCheck" name="checkStatuss" time="8.472"/>
  <system-out/>
</testsuite> <!-- testcases.StatusCheck -->
