<?xml version="1.0" encoding="UTF-8"?>
<!-- Generated by org.testng.reporters.JUnitReportReporter -->
<testsuite hostname="DESKTOP-DFRBC0D" failures="0" tests="1" name="testcases.TestScripts" time="4.940" errors="0" timestamp="2024-10-30T12:37:33 IST" skipped="0">
  <testcase classname="testcases.TestScripts" name="StationDetails" time="4.940"/>
  <system-out/>
</testsuite> <!-- testcases.TestScripts -->
