<?xml version="1.0" encoding="UTF-8"?>
<!-- Generated by org.testng.reporters.JUnitReportReporter -->
<testsuite hostname="DESKTOP-DFRBC0D" failures="0" tests="5" name="org.sample.RailwayMavenProject.TimeTable" time="184.141" errors="0" timestamp="2024-10-25T18:38:55 IST" skipped="0">
  <testcase classname="org.sample.RailwayMavenProject.TimeTable" name="enterTrainDetails" time="9.607"/>
  <system-out/>
  <testcase classname="org.sample.RailwayMavenProject.TimeTable" name="checkTrainDetails" time="0.705"/>
  <system-out/>
  <testcase classname="org.sample.RailwayMavenProject.TimeTable" name="checkPlatformDetails" time="0.285"/>
  <system-out/>
  <testcase classname="org.sample.RailwayMavenProject.TimeTable" name="foodInformation" time="0.272"/>
  <system-out/>
  <testcase classname="org.sample.RailwayMavenProject.TimeTable" name="checkTimeTable" time="173.272"/>
  <system-out/>
</testsuite> <!-- org.sample.RailwayMavenProject.TimeTable -->
