<?xml version="1.0" encoding="UTF-8"?>
<!-- Generated by org.testng.reporters.JUnitReportReporter -->
<testsuite hostname="DESKTOP-DFRBC0D" failures="0" tests="3" name="org.sample.RailwayMavenProject.CheckStatus" time="9.609" errors="0" timestamp="2024-10-29T14:34:21 IST" skipped="0">
  <testcase classname="org.sample.RailwayMavenProject.CheckStatus" name="enterTrainDetails" time="6.868"/>
  <system-out/>
  <testcase classname="org.sample.RailwayMavenProject.CheckStatus" name="beforeStartTrainCheckStatus" time="0.447"/>
  <system-out/>
  <testcase classname="org.sample.RailwayMavenProject.CheckStatus" name="afterReachTrainDestinationtoCheckStatus" time="2.294"/>
  <system-out/>
</testsuite> <!-- org.sample.RailwayMavenProject.CheckStatus -->
