<?xml version="1.0" encoding="UTF-8"?>
<!-- Generated by org.testng.reporters.JUnitReportReporter -->
<testsuite hostname="DESKTOP-DFRBC0D" failures="0" tests="5" name="testcases.TimeTableoftheTrain" time="9.621" errors="0" timestamp="2024-12-28T11:28:17 IST" skipped="0">
  <testcase classname="testcases.TimeTableoftheTrain" name="verifyEnteringTrainDetails" time="6.604"/>
  <system-out/>
  <testcase classname="testcases.TimeTableoftheTrain" name="verifyTrainDetails" time="1.083"/>
  <system-out/>
  <testcase classname="testcases.TimeTableoftheTrain" name="verifyPlatformDetails" time="1.306"/>
  <system-out/>
  <testcase classname="testcases.TimeTableoftheTrain" name="verifyFoodDetails" time="0.580"/>
  <system-out/>
  <testcase classname="testcases.TimeTableoftheTrain" name="verifyTimeTableDetails" time="0.048"/>
  <system-out/>
</testsuite> <!-- testcases.TimeTableoftheTrain -->
